<?xml version="1.0" encoding="UTF-8"?>
<!-- Generated by org.testng.reporters.JUnitXMLReporter -->
<testsuite ignored="0" hostname="DML-09303" failures="0" tests="3" name="Test" time="24.648" errors="0" timestamp="23 Aug 2022 11:42:02 GMT">
  <testcase classname="TestNG0014ListenerClassesExecution.ISuiteListenerExecution" name="enterEmail" time="2.258"/>
  <testcase classname="TestNG0014ListenerClassesExecution.ISuiteListenerExecution" name="enterPassword" time="2.12"/>
  <testcase classname="TestNG0014ListenerClassesExecution.ISuiteListenerExecution" name="clickLoginButton" time="2.087"/>
</testsuite> <!-- Test -->
