<?xml version="1.0" encoding="UTF-8"?>
<!-- Generated by org.testng.reporters.JUnitXMLReporter -->
<testsuite ignored="0" hostname="DML-09303" failures="0" tests="2" name="Email" time="4.429" errors="0" timestamp="14 Aug 2022 16:02:40 GMT">
  <testcase classname="TestNG0006AnnotationImplementation.SuiteAfterSuiteAnnotation" name="enterEmail" time="2.265"/>
  <testcase classname="TestNG0006AnnotationImplementation.SuiteAfterSuiteAnnotation" name="enterFullName" time="2.145"/>
</testsuite> <!-- Email -->
