<?xml version="1.0" encoding="UTF-8"?>
<!-- Generated by org.testng.reporters.JUnitXMLReporter -->
<testsuite ignored="0" hostname="DML-09303" failures="0" tests="2" name="Default test" time="11.325" errors="0" timestamp="26 Aug 2022 13:54:29 GMT">
  <testcase classname="TestNG0014ListenerClassesExecution.IExecutionListenerExecution" name="enterEmail" time="2.222"/>
  <testcase classname="TestNG0014ListenerClassesExecution.IExecutionListenerExecution" name="enterPassword" time="2.129"/>
</testsuite> <!-- Default test -->
