<?xml version="1.0" encoding="UTF-8"?>
<!-- Generated by org.testng.reporters.JUnitXMLReporter -->
<testsuite ignored="0" hostname="DML-09303" failures="0" tests="4" name="Default test" time="15.534" errors="0" timestamp="14 Aug 2022 16:24:50 GMT">
  <testcase classname="TestNG0006AnnotationImplementation.GroupAfterGroupAnnotation" name="enterFullName" time="2.151"/>
  <testcase classname="TestNG0006AnnotationImplementation.GroupAfterGroupAnnotation" name="enterLastName" time="2.135"/>
  <testcase classname="TestNG0006AnnotationImplementation.GroupAfterGroupAnnotation" name="enterEmailID" time="0.175"/>
  <testcase classname="TestNG0006AnnotationImplementation.GroupAfterGroupAnnotation" name="enterEmailIDAfterDot" time="0.117"/>
</testsuite> <!-- Default test -->
