<?xml version="1.0" encoding="UTF-8"?>
<!-- Generated by org.testng.reporters.JUnitXMLReporter -->
<testsuite ignored="0" hostname="DML-09303" failures="1" tests="4" name="EmailPassword" time="33.285" errors="0" timestamp="22 Aug 2022 10:50:14 GMT">
  <testcase classname="TestNG0012TestNGXMLOperations.ParameterizationUsingDataProviderUsingITextContext" name="loginFormGroupA" time="11.901"/>
  <testcase classname="TestNG0012TestNGXMLOperations.ParameterizationUsingDataProviderUsingITextContext" name="loginFormGroupA" time="10.522"/>
  <testcase classname="TestNG0012TestNGXMLOperations.ParameterizationUsingDataProviderUsingITextContext" name="loginFormGroupA" time="10.797"/>
  <testcase classname="TestNG0012TestNGXMLOperations.ParameterizationUsingDataProviderUsingITextContext" name="loginFormGroupB" time="0.001">
    <failure type="org.testng.internal.reflect.MethodMatcherException" message="
Data provider mismatch
Method: loginFormGroupB([Parameter{index=0, type=java.lang.String, declaredAnnotations=[]}])
Arguments: [(java.lang.String) Vaibhav,(java.lang.String) India]">
      <![CDATA[org.testng.internal.reflect.MethodMatcherException: 
Data provider mismatch
Method: loginFormGroupB([Parameter{index=0, type=java.lang.String, declaredAnnotations=[]}])
Arguments: [(java.lang.String) Vaibhav,(java.lang.String) India]
... Removed 20 stack frames]]>
    </failure>
  </testcase> <!-- loginFormGroupB -->
</testsuite> <!-- EmailPassword -->
