<?xml version="1.0" encoding="UTF-8"?>
<!-- Generated by org.testng.reporters.JUnitXMLReporter -->
<testsuite ignored="1" hostname="DML-09303" failures="0" tests="2" name="GroupOfGroupExample" time="14.343" errors="0" timestamp="18 Aug 2022 08:17:12 GMT">
  <testcase classname="TestNG0008AnnotationAttributes.Groups" name="enterFirstName" time="2.465"/>
  <testcase classname="TestNG0008AnnotationAttributes.Groups" name="enterLastName" time="2.244"/>
  <testcase classname="TestNG0008AnnotationAttributes.Groups" name="enterEmailID" time="0.0">
    <ignored/>
  </testcase> <!-- enterEmailID -->
</testsuite> <!-- GroupOfGroupExample -->
