<?xml version="1.0" encoding="UTF-8"?>
<!-- Generated by org.testng.reporters.JUnitXMLReporter -->
<testsuite ignored="1" hostname="DML-09303" failures="0" tests="2" name="GroupExample" time="16.542" errors="0" timestamp="18 Aug 2022 08:16:58 GMT">
  <testcase classname="TestNG0008AnnotationAttributes.Groups" name="enterFirstName" time="2.314"/>
  <testcase classname="TestNG0008AnnotationAttributes.Groups" name="enterLastName" time="2.196"/>
  <testcase classname="TestNG0008AnnotationAttributes.Groups" name="enterEmailID" time="0.0">
    <ignored/>
  </testcase> <!-- enterEmailID -->
</testsuite> <!-- GroupExample -->
