<?xml version="1.0" encoding="UTF-8"?>
<!-- Generated by org.testng.reporters.JUnitXMLReporter -->
<testsuite ignored="1" hostname="DML-09303" failures="0" tests="1" name="LoginTestCaseRequiredFieldValidation" time="27.207" errors="0" timestamp="01 Sep 2022 11:42:51 GMT">
  <testcase classname="TestNG0018FrameworkIntegration.TestCaseLogin" name="requiredFieldValidation" time="6.614"/>
  <testcase classname="TestNG0018FrameworkIntegration.TestCaseLogin" name="enterIncorrectFormat" time="0.0">
    <ignored/>
  </testcase> <!-- enterIncorrectFormat -->
</testsuite> <!-- LoginTestCaseRequiredFieldValidation -->
