<?xml version="1.0" encoding="UTF-8"?>
<!-- Generated by org.testng.reporters.JUnitXMLReporter -->
<testsuite ignored="0" hostname="DML-09303" failures="1" tests="2" name="LoginTestCases" time="24.9" errors="0" timestamp="27 Aug 2022 02:31:14 GMT">
  <testcase classname="TestNG0018FrameworkIntegration.TestCaseLogin" name="requiredFieldValidation" time="6.389"/>
  <testcase classname="TestNG0018FrameworkIntegration.TestCaseLogin" name="enterIncorrectFormat" time="6.678">
    <failure type="java.lang.AssertionError" message="expected [Invalid email addres] but found [Invalid email address]">
      <![CDATA[java.lang.AssertionError: expected [Invalid email addres] but found [Invalid email address]
at TestNG0018FrameworkIntegration.TestCaseLogin.enterIncorrectFormat(TestCaseLogin.java:67)
... Removed 31 stack frames]]>
    </failure>
  </testcase> <!-- enterIncorrectFormat -->
</testsuite> <!-- LoginTestCases -->
