<?xml version="1.0" encoding="UTF-8"?>
<!-- Generated by org.testng.reporters.JUnitXMLReporter -->
<testsuite ignored="1" hostname="DML-09303" failures="0" tests="1" name="LoginTestCaseRequiredFieldValidation" time="16.486" errors="0" timestamp="27 Aug 2022 09:46:35 GMT">
  <testcase classname="TestNG0018FrameworkIntegration.TestCaseLogin" name="requiredFieldValidation" time="6.462"/>
  <testcase classname="TestNG0018FrameworkIntegration.TestCaseLogin" name="enterIncorrectFormat" time="0.0">
    <ignored/>
  </testcase> <!-- enterIncorrectFormat -->
</testsuite> <!-- LoginTestCaseRequiredFieldValidation -->
