<?xml version="1.0" encoding="UTF-8"?>
<!-- Generated by org.testng.reporters.JUnitXMLReporter -->
<testsuite ignored="1" hostname="DML-09303" failures="1" tests="1" name="LoginTestCaseIncorrectFormat" time="24.191" errors="0" timestamp="01 Sep 2022 11:43:15 GMT">
  <testcase classname="TestNG0018FrameworkIntegration.TestCaseLogin" name="enterIncorrectFormat" time="6.524">
    <failure type="java.lang.AssertionError" message="expected [Invalid email addres] but found [Invalid email address]">
      <![CDATA[java.lang.AssertionError: expected [Invalid email addres] but found [Invalid email address]
at TestNG0018FrameworkIntegration.TestCaseLogin.enterIncorrectFormat(TestCaseLogin.java:69)
... Removed 31 stack frames]]>
    </failure>
  </testcase> <!-- enterIncorrectFormat -->
  <testcase classname="TestNG0018FrameworkIntegration.TestCaseLogin" name="requiredFieldValidation" time="0.0">
    <ignored/>
  </testcase> <!-- requiredFieldValidation -->
</testsuite> <!-- LoginTestCaseIncorrectFormat -->
