<?xml version="1.0" encoding="UTF-8"?>
<!-- Generated by org.testng.reporters.JUnitXMLReporter -->
<testsuite ignored="1" hostname="DML-09303" failures="0" tests="3" name="OnlyEmail" time="24.943" errors="0" timestamp="22 Aug 2022 10:49:23 GMT">
  <testcase classname="TestNG0012TestNGXMLOperations.ParameterizationUsingDataProviderUsingITextContext" name="loginFormGroupB" time="8.278"/>
  <testcase classname="TestNG0012TestNGXMLOperations.ParameterizationUsingDataProviderUsingITextContext" name="loginFormGroupB" time="8.5"/>
  <testcase classname="TestNG0012TestNGXMLOperations.ParameterizationUsingDataProviderUsingITextContext" name="loginFormGroupB" time="8.158"/>
  <testcase classname="TestNG0012TestNGXMLOperations.ParameterizationUsingDataProviderUsingITextContext" name="loginFormGroupA" time="0.0">
    <ignored/>
  </testcase> <!-- loginFormGroupA -->
</testsuite> <!-- OnlyEmail -->
