<?xml version="1.0" encoding="UTF-8"?>
<!-- Generated by org.testng.reporters.JUnitXMLReporter -->
<testsuite ignored="0" hostname="DML-09303" failures="2" tests="2" name="ParallelTestingInChromeSignUp" time="53.454" errors="0" timestamp="03 Sep 2022 09:14:54 GMT">
  <testcase classname="TestNG0019ParallelTestingFrameworkIntegration.TestCaseLogin" name="requiredFieldValidation" time="6.485">
    <failure type="java.lang.AssertionError" message="expected [Email is a required field] but found [Please enter your email]">
      <![CDATA[java.lang.AssertionError: expected [Email is a required field] but found [Please enter your email]
at TestNG0019ParallelTestingFrameworkIntegration.TestCaseLogin.requiredFieldValidation(TestCaseLogin.java:48)
at java.base/java.util.concurrent.FutureTask.run(FutureTask.java:264)
at java.base/java.util.concurrent.ThreadPoolExecutor.runWorker(ThreadPoolExecutor.java:1128)
at java.base/java.util.concurrent.ThreadPoolExecutor$Worker.run(ThreadPoolExecutor.java:628)
at java.base/java.lang.Thread.run(Thread.java:834)
... Removed 22 stack frames]]>
    </failure>
  </testcase> <!-- requiredFieldValidation -->
  <testcase classname="TestNG0019ParallelTestingFrameworkIntegration.TestCaseLogin" name="enterIncorrectFormat" time="6.77">
    <failure type="java.lang.AssertionError" message="expected [Invalid email addres] but found [Invalid email address]">
      <![CDATA[java.lang.AssertionError: expected [Invalid email addres] but found [Invalid email address]
at TestNG0019ParallelTestingFrameworkIntegration.TestCaseLogin.enterIncorrectFormat(TestCaseLogin.java:68)
at java.base/java.util.concurrent.FutureTask.run(FutureTask.java:264)
at java.base/java.util.concurrent.ThreadPoolExecutor.runWorker(ThreadPoolExecutor.java:1128)
at java.base/java.util.concurrent.ThreadPoolExecutor$Worker.run(ThreadPoolExecutor.java:628)
at java.base/java.lang.Thread.run(Thread.java:834)
... Removed 22 stack frames]]>
    </failure>
  </testcase> <!-- enterIncorrectFormat -->
</testsuite> <!-- ParallelTestingInChromeSignUp -->
