<?xml version="1.0" encoding="UTF-8"?>
<!-- Generated by org.testng.reporters.JUnitXMLReporter -->
<testsuite ignored="0" hostname="DML-09303" failures="1" tests="3" name="ParallelTestingInFireFox" time="31.654" errors="0" timestamp="27 Aug 2022 14:00:30 GMT">
  <testcase classname="TestNG0012TestNGXMLOperations.RunFirstProgramFromTestNG" name="launchBrowser" time="9.589"/>
  <testcase classname="TestNG0019ParallelTestingFrameworkIntegration.TestCaseLogin" name="requiredFieldValidation" time="6.371"/>
  <testcase classname="TestNG0019ParallelTestingFrameworkIntegration.TestCaseLogin" name="enterIncorrectFormat" time="6.705">
    <failure type="java.lang.AssertionError" message="expected [Invalid email addres] but found [Invalid email address]">
      <![CDATA[java.lang.AssertionError: expected [Invalid email addres] but found [Invalid email address]
at TestNG0019ParallelTestingFrameworkIntegration.TestCaseLogin.enterIncorrectFormat(TestCaseLogin.java:66)
at java.base/java.util.concurrent.ThreadPoolExecutor.runWorker(ThreadPoolExecutor.java:1128)
at java.base/java.util.concurrent.ThreadPoolExecutor$Worker.run(ThreadPoolExecutor.java:628)
at java.base/java.lang.Thread.run(Thread.java:834)
... Removed 16 stack frames]]>
    </failure>
  </testcase> <!-- enterIncorrectFormat -->
</testsuite> <!-- ParallelTestingInFireFox -->
