<?xml version="1.0" encoding="UTF-8"?>
<!-- Generated by org.testng.reporters.JUnitXMLReporter -->
<testsuite ignored="0" hostname="DML-09303" failures="1" tests="2" name="RegistrationTestCases" time="44.08" errors="0" timestamp="26 Aug 2022 14:10:51 GMT">
  <testcase classname="TestNG0018FrameworkIntegration.TestCaseSignUp" name="verifyValidationMessageOnBlankFields" time="12.563"/>
  <testcase classname="TestNG0018FrameworkIntegration.TestCaseSignUp" name="enterIncorrectFormat" time="24.258">
    <failure type="java.lang.AssertionError" message="expected [true] but found [false]">
      <![CDATA[java.lang.AssertionError: expected [true] but found [false]
at TestNG0018FrameworkIntegration.TestCaseSignUp.enterIncorrectFormat(TestCaseSignUp.java:48)
... Removed 29 stack frames]]>
    </failure>
  </testcase> <!-- enterIncorrectFormat -->
</testsuite> <!-- RegistrationTestCases -->
