<?xml version="1.0" encoding="UTF-8"?>
<!-- Generated by org.testng.reporters.JUnitXMLReporter -->
<testsuite ignored="1" hostname="DML-09303" failures="1" tests="1" name="RegistrationTestCasesIAgreeValidationMessage" time="44.915" errors="0" timestamp="01 Sep 2022 11:44:33 GMT">
  <testcase classname="TestNG0018FrameworkIntegration.TestCaseSignUp" name="isIAgreeValidationMessageDisplayed" time="26.985">
    <failure type="java.lang.AssertionError" message="expected [true] but found [false]">
      <![CDATA[java.lang.AssertionError: expected [true] but found [false]
at TestNG0018FrameworkIntegration.TestCaseSignUp.isIAgreeValidationMessageDisplayed(TestCaseSignUp.java:54)
... Removed 29 stack frames]]>
    </failure>
  </testcase> <!-- isIAgreeValidationMessageDisplayed -->
  <testcase classname="TestNG0018FrameworkIntegration.TestCaseSignUp" name="verifyValidationMessageOnBlankFields" time="0.0">
    <ignored/>
  </testcase> <!-- verifyValidationMessageOnBlankFields -->
</testsuite> <!-- RegistrationTestCasesIAgreeValidationMessage -->
