<?xml version="1.0" encoding="UTF-8"?>
<!-- Generated by org.testng.reporters.JUnitXMLReporter -->
<testsuite ignored="1" hostname="DML-09303" failures="0" tests="1" name="RegistrationTestCasesBlankValidation" time="32.597" errors="0" timestamp="01 Sep 2022 11:43:48 GMT">
  <testcase classname="TestNG0018FrameworkIntegration.TestCaseSignUp" name="verifyValidationMessageOnBlankFields" time="13.067"/>
  <testcase classname="TestNG0018FrameworkIntegration.TestCaseSignUp" name="isIAgreeValidationMessageDisplayed" time="0.0">
    <ignored/>
  </testcase> <!-- isIAgreeValidationMessageDisplayed -->
</testsuite> <!-- RegistrationTestCasesBlankValidation -->
