<?xml version="1.0" encoding="UTF-8"?>
<!-- Generated by org.testng.reporters.JUnitXMLReporter -->
<testsuite ignored="0" hostname="DML-09303" failures="1" tests="2" name="Test" time="49.881" errors="0" timestamp="25 Aug 2022 16:01:11 GMT">
  <testcase classname="TestNG0018FrameworkIntegration.TestCaseLogin" name="enterInvalidLoginCredentials" time="9.023"/>
  <testcase classname="TestNG0018FrameworkIntegration.TestCaseLogin" name="enterIncorrectFormat" time="26.489">
    <failure type="java.lang.AssertionError" message="expected [Invalid email addres] but found [null]">
      <![CDATA[java.lang.AssertionError: expected [Invalid email addres] but found [null]
at TestNG0018FrameworkIntegration.TestCaseLogin.enterIncorrectFormat(TestCaseLogin.java:69)
... Removed 31 stack frames]]>
    </failure>
  </testcase> <!-- enterIncorrectFormat -->
</testsuite> <!-- Test -->
