<?xml version="1.0" encoding="UTF-8"?>
<!-- Generated by org.testng.reporters.JUnitXMLReporter -->
<testsuite ignored="0" hostname="DML-09303" failures="1" tests="2" name="Test" time="28.667" errors="0" timestamp="27 Aug 2022 13:43:59 GMT">
  <testcase classname="TestNG0019ParallelTestingFrameworkIntegration.TestCaseLogin" name="requiredFieldValidation" time="6.543"/>
  <testcase classname="TestNG0019ParallelTestingFrameworkIntegration.TestCaseLogin" name="enterIncorrectFormat" time="6.496">
    <failure type="java.lang.AssertionError" message="expected [Invalid email addres] but found [Invalid email address]">
      <![CDATA[java.lang.AssertionError: expected [Invalid email addres] but found [Invalid email address]
at TestNG0019ParallelTestingFrameworkIntegration.TestCaseLogin.enterIncorrectFormat(TestCaseLogin.java:67)
... Removed 31 stack frames]]>
    </failure>
  </testcase> <!-- enterIncorrectFormat -->
</testsuite> <!-- Test -->
