<?xml version="1.0" encoding="UTF-8"?>
<!-- Generated by org.testng.reporters.JUnitXMLReporter -->
<testsuite ignored="0" hostname="DML-09303" failures="1" tests="2" name="Test1" time="22.042" errors="0" timestamp="27 Aug 2022 13:44:21 GMT">
  <testcase classname="TestNG0019ParallelTestingFrameworkIntegration.TestCaseLogin" name="requiredFieldValidation" time="6.361"/>
  <testcase classname="TestNG0019ParallelTestingFrameworkIntegration.TestCaseLogin" name="enterIncorrectFormat" time="6.638">
    <failure type="java.lang.AssertionError" message="expected [Invalid email addres] but found [Invalid email address]">
      <![CDATA[java.lang.AssertionError: expected [Invalid email addres] but found [Invalid email address]
at TestNG0019ParallelTestingFrameworkIntegration.TestCaseLogin.enterIncorrectFormat(TestCaseLogin.java:67)
... Removed 31 stack frames]]>
    </failure>
  </testcase> <!-- enterIncorrectFormat -->
</testsuite> <!-- Test1 -->
