<?xml version="1.0" encoding="UTF-8"?>
<!-- Generated by org.testng.reporters.JUnitXMLReporter -->
<testsuite ignored="1" hostname="DML-09303" failures="2" tests="2" name="Loan" time="0.036" errors="0" timestamp="16 Aug 2022 15:06:56 GMT">
  <testcase classname="TestNG0008AnnotationAttributes.Groups" name="enterFirstName" time="0.012">
    <failure type="java.lang.NullPointerException">
      <![CDATA[java.lang.NullPointerException
at TestNG0008AnnotationAttributes.Groups.enterFirstName(Groups.java:34)
... Removed 25 stack frames]]>
    </failure>
  </testcase> <!-- enterFirstName -->
  <testcase classname="TestNG0008AnnotationAttributes.Groups" name="enterLastName" time="0.001">
    <failure type="java.lang.NullPointerException">
      <![CDATA[java.lang.NullPointerException
at TestNG0008AnnotationAttributes.Groups.enterLastName(Groups.java:40)
... Removed 25 stack frames]]>
    </failure>
  </testcase> <!-- enterLastName -->
  <testcase classname="TestNG0008AnnotationAttributes.Groups" name="enterEmailID" time="0.0">
    <ignored/>
  </testcase> <!-- enterEmailID -->
</testsuite> <!-- Loan -->
