<?xml version="1.0" encoding="UTF-8"?>
<testng-results ignored="0" total="4" passed="4" failed="0" skipped="0">
  <reporter-output>
  </reporter-output>
  <suite started-at="2022-08-14T16:24:34Z" name="Default suite" finished-at="2022-08-14T16:24:50Z" duration-ms="15534">
    <groups>
      <group name="Email">
        <method signature="GroupAfterGroupAnnotation.enterEmailID()[pri:3, instance:TestNG0006AnnotationImplementation.GroupAfterGroupAnnotation@5e403b4a]" name="enterEmailID" class="TestNG0006AnnotationImplementation.GroupAfterGroupAnnotation"/>
        <method signature="GroupAfterGroupAnnotation.enterEmailIDAfterDot()[pri:4, instance:TestNG0006AnnotationImplementation.GroupAfterGroupAnnotation@5e403b4a]" name="enterEmailIDAfterDot" class="TestNG0006AnnotationImplementation.GroupAfterGroupAnnotation"/>
      </group> <!-- Email -->
      <group name="User Details">
        <method signature="GroupAfterGroupAnnotation.enterFullName()[pri:1, instance:TestNG0006AnnotationImplementation.GroupAfterGroupAnnotation@5e403b4a]" name="enterFullName" class="TestNG0006AnnotationImplementation.GroupAfterGroupAnnotation"/>
        <method signature="GroupAfterGroupAnnotation.enterLastName()[pri:2, instance:TestNG0006AnnotationImplementation.GroupAfterGroupAnnotation@5e403b4a]" name="enterLastName" class="TestNG0006AnnotationImplementation.GroupAfterGroupAnnotation"/>
      </group> <!-- User Details -->
    </groups>
    <test started-at="2022-08-14T16:24:34Z" name="Default test" finished-at="2022-08-14T16:24:50Z" duration-ms="15534">
      <class name="TestNG0006AnnotationImplementation.GroupAfterGroupAnnotation">
        <test-method is-config="true" signature="LaunchBrowser()[pri:0, instance:TestNG0006AnnotationImplementation.GroupAfterGroupAnnotation@5e403b4a]" started-at="2022-08-14T16:24:34Z" name="LaunchBrowser" finished-at="2022-08-14T16:24:43Z" duration-ms="8239" status="PASS">
          <reporter-output>
          </reporter-output>
        </test-method> <!-- LaunchBrowser -->
        <test-method signature="enterFullName()[pri:1, instance:TestNG0006AnnotationImplementation.GroupAfterGroupAnnotation@5e403b4a]" started-at="2022-08-14T16:24:43Z" name="enterFullName" finished-at="2022-08-14T16:24:45Z" duration-ms="2151" status="PASS">
          <reporter-output>
          </reporter-output>
        </test-method> <!-- enterFullName -->
        <test-method signature="enterLastName()[pri:2, instance:TestNG0006AnnotationImplementation.GroupAfterGroupAnnotation@5e403b4a]" started-at="2022-08-14T16:24:45Z" name="enterLastName" finished-at="2022-08-14T16:24:47Z" duration-ms="2135" status="PASS">
          <reporter-output>
          </reporter-output>
        </test-method> <!-- enterLastName -->
        <test-method signature="enterEmailID()[pri:3, instance:TestNG0006AnnotationImplementation.GroupAfterGroupAnnotation@5e403b4a]" started-at="2022-08-14T16:24:47Z" name="enterEmailID" finished-at="2022-08-14T16:24:47Z" duration-ms="175" status="PASS">
          <reporter-output>
          </reporter-output>
        </test-method> <!-- enterEmailID -->
        <test-method signature="enterEmailIDAfterDot()[pri:4, instance:TestNG0006AnnotationImplementation.GroupAfterGroupAnnotation@5e403b4a]" started-at="2022-08-14T16:24:47Z" name="enterEmailIDAfterDot" finished-at="2022-08-14T16:24:47Z" duration-ms="117" status="PASS">
          <reporter-output>
          </reporter-output>
        </test-method> <!-- enterEmailIDAfterDot -->
        <test-method is-config="true" signature="quitDriver()[pri:0, instance:TestNG0006AnnotationImplementation.GroupAfterGroupAnnotation@5e403b4a]" started-at="2022-08-14T16:24:47Z" name="quitDriver" finished-at="2022-08-14T16:24:50Z" duration-ms="2692" status="PASS">
          <reporter-output>
          </reporter-output>
        </test-method> <!-- quitDriver -->
      </class> <!-- TestNG0006AnnotationImplementation.GroupAfterGroupAnnotation -->
    </test> <!-- Default test -->
  </suite> <!-- Default suite -->
</testng-results>
