<?xml version="1.0" encoding="UTF-8"?>
<testng-results ignored="0" total="1" passed="1" failed="0" skipped="0">
  <reporter-output>
  </reporter-output>
  <suite started-at="2022-08-21T14:46:37Z" name="Default suite" finished-at="2022-08-21T14:46:48Z" duration-ms="11611">
    <groups>
    </groups>
    <test started-at="2022-08-21T14:46:37Z" name="Default test" finished-at="2022-08-21T14:46:48Z" duration-ms="11611">
      <class name="TestNG0010DataFromNativeExcelFile.PrintListOfData">
        <test-method is-config="true" signature="launchBrowser()[pri:0, instance:TestNG0010DataFromNativeExcelFile.PrintListOfData@3aee3976]" started-at="2022-08-21T14:46:37Z" name="launchBrowser" finished-at="2022-08-21T14:46:47Z" duration-ms="9642" status="PASS">
          <reporter-output>
          </reporter-output>
        </test-method> <!-- launchBrowser -->
        <test-method signature="printListOfData()[pri:0, instance:TestNG0010DataFromNativeExcelFile.PrintListOfData@3aee3976]" started-at="2022-08-21T14:46:47Z" name="printListOfData" finished-at="2022-08-21T14:46:48Z" duration-ms="1060" status="PASS">
          <reporter-output>
          </reporter-output>
        </test-method> <!-- printListOfData -->
        <test-method is-config="true" signature="quitDriver()[pri:0, instance:TestNG0010DataFromNativeExcelFile.PrintListOfData@3aee3976]" started-at="2022-08-21T14:46:48Z" name="quitDriver" finished-at="2022-08-21T14:46:48Z" duration-ms="870" status="PASS">
          <reporter-output>
          </reporter-output>
        </test-method> <!-- quitDriver -->
      </class> <!-- TestNG0010DataFromNativeExcelFile.PrintListOfData -->
    </test> <!-- Default test -->
  </suite> <!-- Default suite -->
</testng-results>
