<?xml version="1.0" encoding="UTF-8"?>
<testng-results ignored="0" total="1" passed="1" failed="0" skipped="0">
  <reporter-output>
  </reporter-output>
  <suite started-at="2022-08-23T16:00:35Z" name="Default suite" finished-at="2022-08-23T16:00:35Z" duration-ms="32">
    <groups>
    </groups>
    <test started-at="2022-08-23T16:00:35Z" name="Default test" finished-at="2022-08-23T16:00:35Z" duration-ms="32">
      <class name="TestNG0015Log4j.Log">
        <test-method signature="start()[pri:0, instance:TestNG0015Log4j.Log@6e005dc9]" started-at="2022-08-23T16:00:35Z" name="start" finished-at="2022-08-23T16:00:35Z" duration-ms="8" status="PASS">
          <reporter-output>
          </reporter-output>
        </test-method> <!-- start -->
      </class> <!-- TestNG0015Log4j.Log -->
    </test> <!-- Default test -->
  </suite> <!-- Default suite -->
</testng-results>
