<?xml version="1.0" encoding="UTF-8"?>
<testng-results ignored="0" total="3" passed="2" failed="1" skipped="0">
  <reporter-output>
  </reporter-output>
  <suite started-at="2022-08-27T14:01:41Z" name="Suite" finished-at="2022-08-27T14:02:16Z" duration-ms="34840">
    <groups>
    </groups>
    <test started-at="2022-08-27T14:01:41Z" name="FirstProgram" finished-at="2022-08-27T14:01:54Z" duration-ms="12530">
      <class name="TestNG0012TestNGXMLOperations.RunFirstProgramFromTestNG">
        <test-method signature="launchBrowser()[pri:0, instance:TestNG0012TestNGXMLOperations.RunFirstProgramFromTestNG@6676f6a0]" started-at="2022-08-27T14:01:41Z" name="launchBrowser" finished-at="2022-08-27T14:01:54Z" duration-ms="12492" status="PASS">
          <reporter-output>
          </reporter-output>
        </test-method> <!-- launchBrowser -->
      </class> <!-- TestNG0012TestNGXMLOperations.RunFirstProgramFromTestNG -->
    </test> <!-- FirstProgram -->
    <test started-at="2022-08-27T14:01:41Z" name="Login" finished-at="2022-08-27T14:02:16Z" duration-ms="34840">
      <class name="TestNG0019ParallelTestingFrameworkIntegration.TestCaseLogin">
        <test-method is-config="true" signature="startReport()[pri:0, instance:TestNG0019ParallelTestingFrameworkIntegration.TestCaseLogin@1b7c473a]" started-at="2022-08-27T14:01:25Z" name="startReport" finished-at="2022-08-27T14:01:41Z" duration-ms="16357" status="PASS">
          <reporter-output>
          </reporter-output>
        </test-method> <!-- startReport -->
        <test-method is-config="true" signature="testBaseSetup(java.lang.String)[pri:0, instance:TestNG0019ParallelTestingFrameworkIntegration.TestCaseLogin@1b7c473a]" started-at="2022-08-27T14:01:41Z" name="testBaseSetup" finished-at="2022-08-27T14:02:00Z" duration-ms="19117" status="PASS">
          <params>
            <param index="0">
              <value>
                <![CDATA[FIREFOX]]>
              </value>
            </param>
          </params>
          <reporter-output>
          </reporter-output>
        </test-method> <!-- testBaseSetup -->
        <test-method is-config="true" signature="setUp()[pri:0, instance:TestNG0019ParallelTestingFrameworkIntegration.TestCaseLogin@1b7c473a]" started-at="2022-08-27T14:02:00Z" name="setUp" finished-at="2022-08-27T14:02:01Z" depends-on-methods="TestNG0019ParallelTestingFrameworkIntegration.BaseClass.testBaseSetup" duration-ms="813" status="PASS">
          <reporter-output>
          </reporter-output>
        </test-method> <!-- setUp -->
        <test-method signature="requiredFieldValidation()[pri:1, instance:TestNG0019ParallelTestingFrameworkIntegration.TestCaseLogin@1b7c473a]" started-at="2022-08-27T14:02:01Z" name="requiredFieldValidation" finished-at="2022-08-27T14:02:08Z" duration-ms="6551" status="PASS">
          <reporter-output>
          </reporter-output>
        </test-method> <!-- requiredFieldValidation -->
        <test-method is-config="true" signature="getResult(org.testng.ITestResult)[pri:0, instance:TestNG0019ParallelTestingFrameworkIntegration.TestCaseLogin@1b7c473a]" started-at="2022-08-27T14:02:08Z" name="getResult" finished-at="2022-08-27T14:02:08Z" duration-ms="18" status="PASS">
          <params>
            <param index="0">
              <value>
                <![CDATA[[TestResult name=requiredFieldValidation status=SUCCESS method=TestCaseLogin.requiredFieldValidation()[pri:1, instance:TestNG0019ParallelTestingFrameworkIntegration.TestCaseLogin@1b7c473a] output={null}]]]>
              </value>
            </param>
          </params>
          <reporter-output>
          </reporter-output>
        </test-method> <!-- getResult -->
        <test-method signature="enterIncorrectFormat()[pri:2, instance:TestNG0019ParallelTestingFrameworkIntegration.TestCaseLogin@1b7c473a]" started-at="2022-08-27T14:02:08Z" name="enterIncorrectFormat" finished-at="2022-08-27T14:02:14Z" duration-ms="6440" status="FAIL">
          <exception class="java.lang.AssertionError">
            <message>
              <![CDATA[expected [Invalid email addres] but found [Invalid email address]]]>
            </message>
            <full-stacktrace>
              <![CDATA[java.lang.AssertionError: expected [Invalid email addres] but found [Invalid email address]
at org.testng.Assert.fail(Assert.java:96)
at org.testng.Assert.failNotEquals(Assert.java:776)
at org.testng.Assert.assertEqualsImpl(Assert.java:137)
at org.testng.Assert.assertEquals(Assert.java:118)
at org.testng.Assert.assertEquals(Assert.java:453)
at org.testng.Assert.assertEquals(Assert.java:463)
at TestNG0019ParallelTestingFrameworkIntegration.TestCaseLogin.enterIncorrectFormat(TestCaseLogin.java:66)
at java.base/jdk.internal.reflect.NativeMethodAccessorImpl.invoke0(Native Method)
at java.base/jdk.internal.reflect.NativeMethodAccessorImpl.invoke(NativeMethodAccessorImpl.java:62)
at java.base/jdk.internal.reflect.DelegatingMethodAccessorImpl.invoke(DelegatingMethodAccessorImpl.java:43)
at java.base/java.lang.reflect.Method.invoke(Method.java:566)
at org.testng.internal.MethodInvocationHelper.invokeMethod(MethodInvocationHelper.java:124)
at org.testng.internal.Invoker.invokeMethod(Invoker.java:583)
at org.testng.internal.Invoker.invokeTestMethod(Invoker.java:719)
at org.testng.internal.Invoker.invokeTestMethods(Invoker.java:989)
at org.testng.internal.TestMethodWorker.invokeTestMethods(TestMethodWorker.java:125)
at org.testng.internal.TestMethodWorker.run(TestMethodWorker.java:109)
at org.testng.TestRunner.privateRun(TestRunner.java:648)
at org.testng.TestRunner.run(TestRunner.java:505)
at org.testng.SuiteRunner.runTest(SuiteRunner.java:455)
at org.testng.SuiteRunner.access$000(SuiteRunner.java:40)
at org.testng.SuiteRunner$SuiteWorker.run(SuiteRunner.java:489)
at org.testng.internal.thread.ThreadUtil$1.call(ThreadUtil.java:52)
at java.base/java.util.concurrent.FutureTask.run(FutureTask.java:264)
at java.base/java.util.concurrent.ThreadPoolExecutor.runWorker(ThreadPoolExecutor.java:1128)
at java.base/java.util.concurrent.ThreadPoolExecutor$Worker.run(ThreadPoolExecutor.java:628)
at java.base/java.lang.Thread.run(Thread.java:834)
]]>
            </full-stacktrace>
          </exception> <!-- java.lang.AssertionError -->
          <reporter-output>
          </reporter-output>
        </test-method> <!-- enterIncorrectFormat -->
        <test-method is-config="true" signature="getResult(org.testng.ITestResult)[pri:0, instance:TestNG0019ParallelTestingFrameworkIntegration.TestCaseLogin@1b7c473a]" started-at="2022-08-27T14:02:14Z" name="getResult" finished-at="2022-08-27T14:02:14Z" duration-ms="119" status="PASS">
          <params>
            <param index="0">
              <value>
                <![CDATA[[TestResult name=enterIncorrectFormat status=FAILURE method=TestCaseLogin.enterIncorrectFormat()[pri:2, instance:TestNG0019ParallelTestingFrameworkIntegration.TestCaseLogin@1b7c473a] output={null}]]]>
              </value>
            </param>
          </params>
          <reporter-output>
          </reporter-output>
        </test-method> <!-- getResult -->
        <test-method is-config="true" signature="quitDriver()[pri:0, instance:TestNG0019ParallelTestingFrameworkIntegration.TestCaseLogin@1b7c473a]" started-at="2022-08-27T14:02:14Z" name="quitDriver" finished-at="2022-08-27T14:02:16Z" duration-ms="1760" status="PASS">
          <reporter-output>
          </reporter-output>
        </test-method> <!-- quitDriver -->
        <test-method is-config="true" signature="tearDown()[pri:0, instance:TestNG0019ParallelTestingFrameworkIntegration.TestCaseLogin@1b7c473a]" started-at="2022-08-27T14:02:16Z" name="tearDown" finished-at="2022-08-27T14:02:16Z" duration-ms="0" status="PASS">
          <reporter-output>
          </reporter-output>
        </test-method> <!-- tearDown -->
        <test-method is-config="true" signature="teardown()[pri:0, instance:TestNG0019ParallelTestingFrameworkIntegration.TestCaseLogin@1b7c473a]" started-at="2022-08-27T14:02:16Z" name="teardown" finished-at="2022-08-27T14:02:16Z" duration-ms="359" status="PASS">
          <reporter-output>
          </reporter-output>
        </test-method> <!-- teardown -->
      </class> <!-- TestNG0019ParallelTestingFrameworkIntegration.TestCaseLogin -->
    </test> <!-- Login -->
  </suite> <!-- Suite -->
</testng-results>
