<?xml version="1.0" encoding="UTF-8"?>
<testng-results ignored="0" total="1" passed="0" failed="1" skipped="0">
  <reporter-output>
  </reporter-output>
  <suite started-at="2022-08-16T15:15:08Z" name="Default suite" finished-at="2022-08-16T15:15:18Z" duration-ms="10051">
    <groups>
    </groups>
    <test started-at="2022-08-16T15:15:08Z" name="Default test" finished-at="2022-08-16T15:15:18Z" duration-ms="10051">
      <class name="TestNG0008AnnotationAttributes.Timeout">
        <test-method signature="openPrivacyPolicy()[pri:0, instance:TestNG0008AnnotationAttributes.Timeout@55cf0d14]" started-at="2022-08-16T15:15:08Z" name="openPrivacyPolicy" finished-at="2022-08-16T15:15:18Z" duration-ms="10030" status="FAIL">
          <exception class="org.testng.internal.thread.ThreadTimeoutException">
            <message>
              <![CDATA[Method TestNG0008AnnotationAttributes.Timeout.openPrivacyPolicy() didn't finish within the time-out 10000]]>
            </message>
            <full-stacktrace>
              <![CDATA[org.testng.internal.thread.ThreadTimeoutException: Method TestNG0008AnnotationAttributes.Timeout.openPrivacyPolicy() didn't finish within the time-out 10000
at java.base@11.0.13/java.lang.reflect.InvocationTargetException.getCause(InvocationTargetException.java:110)
at app//org.testng.internal.InvokeMethodRunnable.runOne(InvokeMethodRunnable.java:61)
at app//org.testng.internal.InvokeMethodRunnable.run(InvokeMethodRunnable.java:44)
at java.base@11.0.13/java.util.concurrent.Executors$RunnableAdapter.call(Executors.java:515)
at java.base@11.0.13/java.util.concurrent.FutureTask.run(FutureTask.java:264)
at java.base@11.0.13/java.util.concurrent.ThreadPoolExecutor.runWorker(ThreadPoolExecutor.java:1128)
at java.base@11.0.13/java.util.concurrent.ThreadPoolExecutor$Worker.run(ThreadPoolExecutor.java:628)
at java.base@11.0.13/java.lang.Thread.run(Thread.java:834)
]]>
            </full-stacktrace>
          </exception> <!-- org.testng.internal.thread.ThreadTimeoutException -->
          <reporter-output>
          </reporter-output>
        </test-method> <!-- openPrivacyPolicy -->
      </class> <!-- TestNG0008AnnotationAttributes.Timeout -->
    </test> <!-- Default test -->
  </suite> <!-- Default suite -->
</testng-results>
